<?xml version="1.0" encoding="UTF-8"?>
<coverage generated="1785251192623" clover="3.2.0">
  <project timestamp="1785251192624" name="All files">
    <metrics statements="21" coveredstatements="20" conditionals="14" coveredconditionals="13" methods="6" coveredmethods="5" elements="41" coveredelements="38" complexity="0" loc="21" ncloc="21" packages="2" files="2" classes="2"/>
    <package name="components.ui">
      <metrics statements="11" coveredstatements="11" conditionals="12" coveredconditionals="12" methods="1" coveredmethods="1"/>
      <file name="AnimatedMount.tsx" path="C:\MAMP\htdocs\Projet\Opep\apps\web\components\ui\AnimatedMount.tsx">
        <metrics statements="11" coveredstatements="11" conditionals="12" coveredconditionals="12" methods="1" coveredmethods="1"/>
        <line num="1" count="1" type="stmt"/>
        <line num="24" count="1" type="stmt"/>
        <line num="56" count="19" type="stmt"/>
        <line num="61" count="19" type="cond" truecount="2" falsecount="0"/>
        <line num="62" count="4" type="cond" truecount="4" falsecount="0"/>
        <line num="63" count="3" type="stmt"/>
        <line num="66" count="15" type="stmt"/>
        <line num="67" count="15" type="stmt"/>
        <line num="72" count="15" type="cond" truecount="2" falsecount="0"/>
        <line num="73" count="1" type="stmt"/>
        <line num="76" count="15" type="stmt"/>
      </file>
    </package>
    <package name="hooks">
      <metrics statements="10" coveredstatements="9" conditionals="2" coveredconditionals="1" methods="5" coveredmethods="4"/>
      <file name="useReducedMotion.ts" path="C:\MAMP\htdocs\Projet\Opep\apps\web\hooks\useReducedMotion.ts">
        <metrics statements="10" coveredstatements="9" conditionals="2" coveredconditionals="1" methods="5" coveredmethods="4"/>
        <line num="16" count="19" type="stmt"/>
        <line num="17" count="19" type="cond" truecount="1" falsecount="1"/>
        <line num="18" count="19" type="stmt"/>
        <line num="21" count="19" type="stmt"/>
        <line num="22" count="19" type="stmt"/>
        <line num="24" count="19" type="stmt"/>
        <line num="25" count="0" type="stmt"/>
        <line num="28" count="19" type="stmt"/>
        <line num="29" count="19" type="stmt"/>
        <line num="32" count="19" type="stmt"/>
      </file>
    </package>
  </project>
</coverage>
