{"C:\\MAMP\\htdocs\\Projet\\Opep\\apps\\web\\components\\ui\\AnimatedMount.tsx": {"path":"C:\\MAMP\\htdocs\\Projet\\Opep\\apps\\web\\components\\ui\\AnimatedMount.tsx","statementMap":{"0":{"start":{"line":1,"column":0},"end":{"line":1,"column":null}},"1":{"start":{"line":24,"column":55},"end":{"line":30,"column":null}},"2":{"start":{"line":56,"column":18},"end":{"line":56,"column":35}},"3":{"start":{"line":61,"column":2},"end":{"line":64,"column":null}},"4":{"start":{"line":62,"column":4},"end":{"line":62,"column":null}},"5":{"start":{"line":62,"column":32},"end":{"line":62,"column":null}},"6":{"start":{"line":63,"column":4},"end":{"line":63,"column":null}},"7":{"start":{"line":66,"column":20},"end":{"line":66,"column":null}},"8":{"start":{"line":67,"column":37},"end":{"line":70,"column":null}},"9":{"start":{"line":72,"column":2},"end":{"line":74,"column":null}},"10":{"start":{"line":73,"column":4},"end":{"line":73,"column":null}},"11":{"start":{"line":76,"column":2},"end":{"line":83,"column":null}}},"fnMap":{"0":{"name":"AnimatedMount","decl":{"start":{"line":47,"column":16},"end":{"line":47,"column":30}},"loc":{"start":{"line":55,"column":23},"end":{"line":85,"column":null}},"line":55}},"branchMap":{"0":{"loc":{"start":{"line":49,"column":2},"end":{"line":49,"column":null}},"type":"default-arg","locations":[{"start":{"line":49,"column":14},"end":{"line":49,"column":null}}],"line":49},"1":{"loc":{"start":{"line":50,"column":2},"end":{"line":50,"column":null}},"type":"default-arg","locations":[{"start":{"line":50,"column":10},"end":{"line":50,"column":null}}],"line":50},"2":{"loc":{"start":{"line":52,"column":2},"end":{"line":52,"column":null}},"type":"default-arg","locations":[{"start":{"line":52,"column":14},"end":{"line":52,"column":null}}],"line":52},"3":{"loc":{"start":{"line":53,"column":6},"end":{"line":53,"column":null}},"type":"default-arg","locations":[{"start":{"line":53,"column":12},"end":{"line":53,"column":null}}],"line":53},"4":{"loc":{"start":{"line":61,"column":2},"end":{"line":64,"column":null}},"type":"if","locations":[{"start":{"line":61,"column":2},"end":{"line":64,"column":null}},{"start":{},"end":{}}],"line":61},"5":{"loc":{"start":{"line":62,"column":4},"end":{"line":62,"column":null}},"type":"if","locations":[{"start":{"line":62,"column":4},"end":{"line":62,"column":null}},{"start":{},"end":{}}],"line":62},"6":{"loc":{"start":{"line":62,"column":8},"end":{"line":62,"column":32}},"type":"binary-expr","locations":[{"start":{"line":62,"column":8},"end":{"line":62,"column":22}},{"start":{"line":62,"column":22},"end":{"line":62,"column":32}}],"line":62},"7":{"loc":{"start":{"line":72,"column":2},"end":{"line":74,"column":null}},"type":"if","locations":[{"start":{"line":72,"column":2},"end":{"line":74,"column":null}},{"start":{},"end":{}}],"line":72}},"s":{"0":1,"1":1,"2":19,"3":19,"4":4,"5":1,"6":3,"7":15,"8":15,"9":15,"10":1,"11":15},"f":{"0":19},"b":{"0":[19],"1":[19],"2":[19],"3":[19],"4":[4,15],"5":[1,3],"6":[4,2],"7":[1,14]},"meta":{"lastBranch":8,"lastFunction":1,"lastStatement":12,"seen":{"s:1:0:1:Infinity":0,"s:24:55:30:Infinity":1,"f:47:16:47:30":0,"b:49:14:49:Infinity":0,"b:50:10:50:Infinity":1,"b:52:14:52:Infinity":2,"b:53:12:53:Infinity":3,"s:56:18:56:35":2,"b:61:2:64:Infinity:undefined:undefined:undefined:undefined":4,"s:61:2:64:Infinity":3,"b:62:4:62:Infinity:undefined:undefined:undefined:undefined":5,"s:62:4:62:Infinity":4,"b:62:8:62:22:62:22:62:32":6,"s:62:32:62:Infinity":5,"s:63:4:63:Infinity":6,"s:66:20:66:Infinity":7,"s:67:37:70:Infinity":8,"b:72:2:74:Infinity:undefined:undefined:undefined:undefined":7,"s:72:2:74:Infinity":9,"s:73:4:73:Infinity":10,"s:76:2:83:Infinity":11},"fnNames":{}}}
,"C:\\MAMP\\htdocs\\Projet\\Opep\\apps\\web\\hooks\\useReducedMotion.ts": {"path":"C:\\MAMP\\htdocs\\Projet\\Opep\\apps\\web\\hooks\\useReducedMotion.ts","statementMap":{"0":{"start":{"line":16,"column":46},"end":{"line":19,"column":null}},"1":{"start":{"line":17,"column":4},"end":{"line":17,"column":null}},"2":{"start":{"line":17,"column":39},"end":{"line":17,"column":null}},"3":{"start":{"line":18,"column":4},"end":{"line":18,"column":null}},"4":{"start":{"line":21,"column":2},"end":{"line":30,"column":null}},"5":{"start":{"line":22,"column":16},"end":{"line":22,"column":null}},"6":{"start":{"line":24,"column":10},"end":{"line":26,"column":null}},"7":{"start":{"line":25,"column":6},"end":{"line":25,"column":null}},"8":{"start":{"line":28,"column":4},"end":{"line":28,"column":null}},"9":{"start":{"line":29,"column":4},"end":{"line":29,"column":null}},"10":{"start":{"line":29,"column":17},"end":{"line":29,"column":null}},"11":{"start":{"line":32,"column":2},"end":{"line":32,"column":null}}},"fnMap":{"0":{"name":"useReducedMotion","decl":{"start":{"line":15,"column":16},"end":{"line":15,"column":44}},"loc":{"start":{"line":15,"column":44},"end":{"line":33,"column":null}},"line":15},"1":{"name":"(anonymous_1)","decl":{"start":{"line":16,"column":46},"end":{"line":16,"column":70}},"loc":{"start":{"line":16,"column":70},"end":{"line":19,"column":3}},"line":16},"2":{"name":"(anonymous_2)","decl":{"start":{"line":21,"column":2},"end":{"line":21,"column":18}},"loc":{"start":{"line":21,"column":18},"end":{"line":30,"column":5}},"line":21},"3":{"name":"(anonymous_3)","decl":{"start":{"line":24,"column":10},"end":{"line":24,"column":21}},"loc":{"start":{"line":24,"column":52},"end":{"line":26,"column":null}},"line":24},"4":{"name":"(anonymous_4)","decl":{"start":{"line":29,"column":4},"end":{"line":29,"column":17}},"loc":{"start":{"line":29,"column":17},"end":{"line":29,"column":null}},"line":29}},"branchMap":{"0":{"loc":{"start":{"line":17,"column":4},"end":{"line":17,"column":null}},"type":"if","locations":[{"start":{"line":17,"column":4},"end":{"line":17,"column":null}},{"start":{},"end":{}}],"line":17}},"s":{"0":19,"1":19,"2":0,"3":19,"4":19,"5":19,"6":19,"7":0,"8":19,"9":19,"10":19,"11":19},"f":{"0":19,"1":19,"2":19,"3":0,"4":19},"b":{"0":[0,19]},"meta":{"lastBranch":1,"lastFunction":5,"lastStatement":12,"seen":{"f:15:16:15:44":0,"s:16:46:19:Infinity":0,"f:16:46:16:70":1,"b:17:4:17:Infinity:undefined:undefined:undefined:undefined":0,"s:17:4:17:Infinity":1,"s:17:39:17:Infinity":2,"s:18:4:18:Infinity":3,"s:21:2:30:Infinity":4,"f:21:2:21:18":2,"s:22:16:22:Infinity":5,"s:24:10:26:Infinity":6,"f:24:10:24:21":3,"s:25:6:25:Infinity":7,"s:28:4:28:Infinity":8,"s:29:4:29:Infinity":9,"f:29:4:29:17":4,"s:29:17:29:Infinity":10,"s:32:2:32:Infinity":11},"fnNames":{}}}
}
